[{"line":5,"elements":[{"start_timestamp":"2023-04-26T02:45:56.457Z","line":8,"name":"check login is successful with valid credentials","description":"","id":"feature-to-test-login-funcionality;check-login-is-successful-with-valid-credentials","type":"scenario","keyword":"Scenario","steps":[{"result":{"duration":14570778600,"status":"passed"},"line":9,"name":"browser is open gogrids","match":{"location":"StepDefinitions.LoginSteps.browser_is_open_gogrids()"},"keyword":"Given "},{"result":{"duration":11383564400,"status":"passed"},"line":10,"name":"user is on login page","match":{"location":"StepDefinitions.LoginSteps.user_is_on_login_page()"},"keyword":"And "},{"result":{"duration":1319735200,"status":"passed"},"line":11,"name":"user enters username and password","match":{"location":"StepDefinitions.LoginSteps.user_enters_username_and_password()"},"keyword":"When "},{"result":{"duration":623779200,"status":"passed"},"line":12,"name":"clicks on login button","match":{"location":"StepDefinitions.LoginSteps.clicks_on_login_button()"},"keyword":"And "},{"result":{"duration":17318025200,"status":"passed"},"line":13,"name":"user is navigated to the home page","match":{"location":"StepDefinitions.LoginSteps.user_is_navigated_to_the_home_page()"},"keyword":"Then "}],"tags":[{"name":"@SmokeScenario"},{"name":"@SmokeTest"}]},{"start_timestamp":"2023-04-26T02:46:41.877Z","line":25,"name":"check login is successful with valid credentials","description":"","id":"feature-to-test-login-funcionality;check-login-is-successful-with-valid-credentials;;2","type":"scenario","keyword":"Scenario Outline","steps":[{"result":{"duration":4716456500,"status":"passed"},"line":17,"name":"browser is open gogrids","match":{"location":"StepDefinitions.LoginSteps.browser_is_open_gogrids()"},"keyword":"Given "},{"result":{"error_message":"org.openqa.selenium.TimeoutException: timeout: Timed out receiving message from renderer: 14.253\n  (Session info: chrome=112.0.5615.138)\nBuild info: version: '4.8.3', revision: 'e5e76298c3'\nSystem info: os.name: 'Windows 11', os.arch: 'amd64', os.version: '10.0', java.version: '17.0.2'\nDriver info: org.openqa.selenium.chrome.ChromeDriver\nCommand: [8507fc6becd4007ce710715587259eb4, get {url=http://103.172.204.236:5173}]\nCapabilities {acceptInsecureCerts: false, browserName: chrome, browserVersion: 112.0.5615.138, chrome: {chromedriverVersion: 112.0.5615.49 (bd2a7bcb881c..., userDataDir: C:\\Users\\annak\\AppData\\Loca...}, goog:chromeOptions: {debuggerAddress: localhost:57411}, networkConnectionEnabled: false, pageLoadStrategy: normal, platformName: WINDOWS, proxy: Proxy(), se:cdp: ws://localhost:57411/devtoo..., se:cdpVersion: 112.0.5615.138, setWindowRect: true, strictFileInteractability: false, timeouts: {implicit: 0, pageLoad: 300000, script: 30000}, unhandledPromptBehavior: dismiss and notify, webauthn:extension:credBlob: true, webauthn:extension:largeBlob: true, webauthn:extension:minPinLength: true, webauthn:extension:prf: true, webauthn:virtualAuthenticators: true}\nSession ID: 8507fc6becd4007ce710715587259eb4\r\n\tat java.base/jdk.internal.reflect.NativeConstructorAccessorImpl.newInstance0(Native Method)\r\n\tat java.base/jdk.internal.reflect.NativeConstructorAccessorImpl.newInstance(NativeConstructorAccessorImpl.java:77)\r\n\tat java.base/jdk.internal.reflect.DelegatingConstructorAccessorImpl.newInstance(DelegatingConstructorAccessorImpl.java:45)\r\n\tat java.base/java.lang.reflect.Constructor.newInstanceWithCaller(Constructor.java:499)\r\n\tat java.base/java.lang.reflect.Constructor.newInstance(Constructor.java:480)\r\n\tat org.openqa.selenium.remote.codec.w3c.W3CHttpResponseCodec.createException(W3CHttpResponseCodec.java:200)\r\n\tat org.openqa.selenium.remote.codec.w3c.W3CHttpResponseCodec.decode(W3CHttpResponseCodec.java:133)\r\n\tat org.openqa.selenium.remote.codec.w3c.W3CHttpResponseCodec.decode(W3CHttpResponseCodec.java:53)\r\n\tat org.openqa.selenium.remote.HttpCommandExecutor.execute(HttpCommandExecutor.java:193)\r\n\tat org.openqa.selenium.remote.service.DriverCommandExecutor.invokeExecute(DriverCommandExecutor.java:183)\r\n\tat org.openqa.selenium.remote.service.DriverCommandExecutor.execute(DriverCommandExecutor.java:158)\r\n\tat org.openqa.selenium.remote.RemoteWebDriver.execute(RemoteWebDriver.java:543)\r\n\tat org.openqa.selenium.remote.RemoteWebDriver.get(RemoteWebDriver.java:297)\r\n\tat org.openqa.selenium.remote.RemoteWebDriver$RemoteNavigation.to(RemoteWebDriver.java:982)\r\n\tat StepDefinitions.LoginSteps.user_is_on_login_page(LoginSteps.java:33)\r\n\tat ✽.user is on login page(file:///C:/Users/annak/eclipse-workspace/CucumberJava/src/test/Resources/Features/login.feature:18)\r\n","duration":15880712900,"status":"failed"},"line":18,"name":"user is on login page","match":{"location":"StepDefinitions.LoginSteps.user_is_on_login_page()"},"keyword":"And "},{"result":{"status":"skipped"},"line":19,"name":"user enters \"Annakrnt_\" and \"Annakrnt25\"","match":{"arguments":[{"val":"\"Annakrnt_\"","offset":12},{"val":"\"Annakrnt25\"","offset":28}],"location":"StepDefinitions.LoginSteps.user_enters_username_and_password(java.lang.String,java.lang.String)"},"keyword":"When "},{"result":{"status":"skipped"},"line":20,"name":"clicks on login button","match":{"location":"StepDefinitions.LoginSteps.clicks_on_login_button()"},"keyword":"And "},{"result":{"status":"skipped"},"line":21,"name":"user is navigated to the home page","match":{"location":"StepDefinitions.LoginSteps.user_is_navigated_to_the_home_page()"},"keyword":"Then "}],"tags":[{"name":"@SmokeScenario"},{"name":"@SmokeTest"}]},{"start_timestamp":"2023-04-26T02:47:02.584Z","line":26,"name":"check login is successful with valid credentials","description":"","id":"feature-to-test-login-funcionality;check-login-is-successful-with-valid-credentials;;3","type":"scenario","keyword":"Scenario Outline","steps":[{"result":{"duration":9914980600,"status":"passed"},"line":17,"name":"browser is open gogrids","match":{"location":"StepDefinitions.LoginSteps.browser_is_open_gogrids()"},"keyword":"Given "},{"result":{"error_message":"org.openqa.selenium.TimeoutException: timeout: Timed out receiving message from renderer: 14.653\n  (Session info: chrome=112.0.5615.138)\nBuild info: version: '4.8.3', revision: 'e5e76298c3'\nSystem info: os.name: 'Windows 11', os.arch: 'amd64', os.version: '10.0', java.version: '17.0.2'\nDriver info: org.openqa.selenium.chrome.ChromeDriver\nCommand: [bfded2fff150ef9cddeeda7ae2c08450, get {url=http://103.172.204.236:5173}]\nCapabilities {acceptInsecureCerts: false, browserName: chrome, browserVersion: 112.0.5615.138, chrome: {chromedriverVersion: 112.0.5615.49 (bd2a7bcb881c..., userDataDir: C:\\Users\\annak\\AppData\\Loca...}, goog:chromeOptions: {debuggerAddress: localhost:57452}, networkConnectionEnabled: false, pageLoadStrategy: normal, platformName: WINDOWS, proxy: Proxy(), se:cdp: ws://localhost:57452/devtoo..., se:cdpVersion: 112.0.5615.138, setWindowRect: true, strictFileInteractability: false, timeouts: {implicit: 0, pageLoad: 300000, script: 30000}, unhandledPromptBehavior: dismiss and notify, webauthn:extension:credBlob: true, webauthn:extension:largeBlob: true, webauthn:extension:minPinLength: true, webauthn:extension:prf: true, webauthn:virtualAuthenticators: true}\nSession ID: bfded2fff150ef9cddeeda7ae2c08450\r\n\tat java.base/jdk.internal.reflect.NativeConstructorAccessorImpl.newInstance0(Native Method)\r\n\tat java.base/jdk.internal.reflect.NativeConstructorAccessorImpl.newInstance(NativeConstructorAccessorImpl.java:77)\r\n\tat java.base/jdk.internal.reflect.DelegatingConstructorAccessorImpl.newInstance(DelegatingConstructorAccessorImpl.java:45)\r\n\tat java.base/java.lang.reflect.Constructor.newInstanceWithCaller(Constructor.java:499)\r\n\tat java.base/java.lang.reflect.Constructor.newInstance(Constructor.java:480)\r\n\tat org.openqa.selenium.remote.codec.w3c.W3CHttpResponseCodec.createException(W3CHttpResponseCodec.java:200)\r\n\tat org.openqa.selenium.remote.codec.w3c.W3CHttpResponseCodec.decode(W3CHttpResponseCodec.java:133)\r\n\tat org.openqa.selenium.remote.codec.w3c.W3CHttpResponseCodec.decode(W3CHttpResponseCodec.java:53)\r\n\tat org.openqa.selenium.remote.HttpCommandExecutor.execute(HttpCommandExecutor.java:193)\r\n\tat org.openqa.selenium.remote.service.DriverCommandExecutor.invokeExecute(DriverCommandExecutor.java:183)\r\n\tat org.openqa.selenium.remote.service.DriverCommandExecutor.execute(DriverCommandExecutor.java:158)\r\n\tat org.openqa.selenium.remote.RemoteWebDriver.execute(RemoteWebDriver.java:543)\r\n\tat org.openqa.selenium.remote.RemoteWebDriver.get(RemoteWebDriver.java:297)\r\n\tat org.openqa.selenium.remote.RemoteWebDriver$RemoteNavigation.to(RemoteWebDriver.java:982)\r\n\tat StepDefinitions.LoginSteps.user_is_on_login_page(LoginSteps.java:33)\r\n\tat ✽.user is on login page(file:///C:/Users/annak/eclipse-workspace/CucumberJava/src/test/Resources/Features/login.feature:18)\r\n","duration":15860686300,"status":"failed"},"line":18,"name":"user is on login page","match":{"location":"StepDefinitions.LoginSteps.user_is_on_login_page()"},"keyword":"And "},{"result":{"status":"skipped"},"line":19,"name":"user enters \"Annakrnt_\" and \"<blank>\"","match":{"arguments":[{"val":"\"Annakrnt_\"","offset":12},{"val":"\"<blank>\"","offset":28}],"location":"StepDefinitions.LoginSteps.user_enters_username_and_password(java.lang.String,java.lang.String)"},"keyword":"When "},{"result":{"status":"skipped"},"line":20,"name":"clicks on login button","match":{"location":"StepDefinitions.LoginSteps.clicks_on_login_button()"},"keyword":"And "},{"result":{"status":"skipped"},"line":21,"name":"user is navigated to the home page","match":{"location":"StepDefinitions.LoginSteps.user_is_navigated_to_the_home_page()"},"keyword":"Then "}],"tags":[{"name":"@SmokeScenario"},{"name":"@SmokeTest"}]},{"start_timestamp":"2023-04-26T02:47:28.414Z","line":27,"name":"check login is successful with valid credentials","description":"","id":"feature-to-test-login-funcionality;check-login-is-successful-with-valid-credentials;;4","type":"scenario","keyword":"Scenario Outline","steps":[{"result":{"duration":9038403900,"status":"passed"},"line":17,"name":"browser is open gogrids","match":{"location":"StepDefinitions.LoginSteps.browser_is_open_gogrids()"},"keyword":"Given "},{"result":{"error_message":"org.openqa.selenium.TimeoutException: timeout: Timed out receiving message from renderer: 13.854\n  (Session info: chrome=112.0.5615.138)\nBuild info: version: '4.8.3', revision: 'e5e76298c3'\nSystem info: os.name: 'Windows 11', os.arch: 'amd64', os.version: '10.0', java.version: '17.0.2'\nDriver info: org.openqa.selenium.chrome.ChromeDriver\nCommand: [49b599e397646d0e11a3ec4b02456e6f, get {url=http://103.172.204.236:5173}]\nCapabilities {acceptInsecureCerts: false, browserName: chrome, browserVersion: 112.0.5615.138, chrome: {chromedriverVersion: 112.0.5615.49 (bd2a7bcb881c..., userDataDir: C:\\Users\\annak\\AppData\\Loca...}, goog:chromeOptions: {debuggerAddress: localhost:57490}, networkConnectionEnabled: false, pageLoadStrategy: normal, platformName: WINDOWS, proxy: Proxy(), se:cdp: ws://localhost:57490/devtoo..., se:cdpVersion: 112.0.5615.138, setWindowRect: true, strictFileInteractability: false, timeouts: {implicit: 0, pageLoad: 300000, script: 30000}, unhandledPromptBehavior: dismiss and notify, webauthn:extension:credBlob: true, webauthn:extension:largeBlob: true, webauthn:extension:minPinLength: true, webauthn:extension:prf: true, webauthn:virtualAuthenticators: true}\nSession ID: 49b599e397646d0e11a3ec4b02456e6f\r\n\tat java.base/jdk.internal.reflect.NativeConstructorAccessorImpl.newInstance0(Native Method)\r\n\tat java.base/jdk.internal.reflect.NativeConstructorAccessorImpl.newInstance(NativeConstructorAccessorImpl.java:77)\r\n\tat java.base/jdk.internal.reflect.DelegatingConstructorAccessorImpl.newInstance(DelegatingConstructorAccessorImpl.java:45)\r\n\tat java.base/java.lang.reflect.Constructor.newInstanceWithCaller(Constructor.java:499)\r\n\tat java.base/java.lang.reflect.Constructor.newInstance(Constructor.java:480)\r\n\tat org.openqa.selenium.remote.codec.w3c.W3CHttpResponseCodec.createException(W3CHttpResponseCodec.java:200)\r\n\tat org.openqa.selenium.remote.codec.w3c.W3CHttpResponseCodec.decode(W3CHttpResponseCodec.java:133)\r\n\tat org.openqa.selenium.remote.codec.w3c.W3CHttpResponseCodec.decode(W3CHttpResponseCodec.java:53)\r\n\tat org.openqa.selenium.remote.HttpCommandExecutor.execute(HttpCommandExecutor.java:193)\r\n\tat org.openqa.selenium.remote.service.DriverCommandExecutor.invokeExecute(DriverCommandExecutor.java:183)\r\n\tat org.openqa.selenium.remote.service.DriverCommandExecutor.execute(DriverCommandExecutor.java:158)\r\n\tat org.openqa.selenium.remote.RemoteWebDriver.execute(RemoteWebDriver.java:543)\r\n\tat org.openqa.selenium.remote.RemoteWebDriver.get(RemoteWebDriver.java:297)\r\n\tat org.openqa.selenium.remote.RemoteWebDriver$RemoteNavigation.to(RemoteWebDriver.java:982)\r\n\tat StepDefinitions.LoginSteps.user_is_on_login_page(LoginSteps.java:33)\r\n\tat ✽.user is on login page(file:///C:/Users/annak/eclipse-workspace/CucumberJava/src/test/Resources/Features/login.feature:18)\r\n","duration":23080114500,"status":"failed"},"line":18,"name":"user is on login page","match":{"location":"StepDefinitions.LoginSteps.user_is_on_login_page()"},"keyword":"And "},{"result":{"duration":999800,"status":"skipped"},"line":19,"name":"user enters \"<blank>\" and \"<blank>\"","match":{"arguments":[{"val":"\"<blank>\"","offset":12},{"val":"\"<blank>\"","offset":26}],"location":"StepDefinitions.LoginSteps.user_enters_username_and_password(java.lang.String,java.lang.String)"},"keyword":"When "},{"result":{"duration":2019200,"status":"skipped"},"line":20,"name":"clicks on login button","match":{"location":"StepDefinitions.LoginSteps.clicks_on_login_button()"},"keyword":"And "},{"result":{"duration":1018800,"status":"skipped"},"line":21,"name":"user is navigated to the home page","match":{"location":"StepDefinitions.LoginSteps.user_is_navigated_to_the_home_page()"},"keyword":"Then "}],"tags":[{"name":"@SmokeScenario"},{"name":"@SmokeTest"}]},{"start_timestamp":"2023-04-26T02:48:00.737Z","line":28,"name":"check login is successful with valid credentials","description":"","id":"feature-to-test-login-funcionality;check-login-is-successful-with-valid-credentials;;5","type":"scenario","keyword":"Scenario Outline","steps":[{"result":{"duration":9532228600,"status":"passed"},"line":17,"name":"browser is open gogrids","match":{"location":"StepDefinitions.LoginSteps.browser_is_open_gogrids()"},"keyword":"Given "},{"result":{"duration":28725031100,"status":"passed"},"line":18,"name":"user is on login page","match":{"location":"StepDefinitions.LoginSteps.user_is_on_login_page()"},"keyword":"And "},{"result":{"duration":3265391500,"status":"passed"},"line":19,"name":"user enters \"away\" and \"<blank>\"","match":{"arguments":[{"val":"\"away\"","offset":12},{"val":"\"<blank>\"","offset":23}],"location":"StepDefinitions.LoginSteps.user_enters_username_and_password(java.lang.String,java.lang.String)"},"keyword":"When "},{"result":{"duration":858291900,"status":"passed"},"line":20,"name":"clicks on login button","match":{"location":"StepDefinitions.LoginSteps.clicks_on_login_button()"},"keyword":"And "},{"result":{"duration":8798888100,"status":"passed"},"line":21,"name":"user is navigated to the home page","match":{"location":"StepDefinitions.LoginSteps.user_is_navigated_to_the_home_page()"},"keyword":"Then "}],"tags":[{"name":"@SmokeScenario"},{"name":"@SmokeTest"}]},{"start_timestamp":"2023-04-26T02:48:51.956Z","line":29,"name":"check login is successful with valid credentials","description":"","id":"feature-to-test-login-funcionality;check-login-is-successful-with-valid-credentials;;6","type":"scenario","keyword":"Scenario Outline","steps":[{"result":{"duration":7319873600,"status":"passed"},"line":17,"name":"browser is open gogrids","match":{"location":"StepDefinitions.LoginSteps.browser_is_open_gogrids()"},"keyword":"Given "},{"result":{"duration":6223821700,"status":"passed"},"line":18,"name":"user is on login page","match":{"location":"StepDefinitions.LoginSteps.user_is_on_login_page()"},"keyword":"And "},{"result":{"duration":7004900600,"status":"passed"},"line":19,"name":"user enters \"<blank>\" and \"tes123\"","match":{"arguments":[{"val":"\"<blank>\"","offset":12},{"val":"\"tes123\"","offset":26}],"location":"StepDefinitions.LoginSteps.user_enters_username_and_password(java.lang.String,java.lang.String)"},"keyword":"When "},{"result":{"error_message":"org.openqa.selenium.NoSuchWindowException: no such window: target window already closed\nfrom unknown error: web view not found\n  (Session info: chrome=112.0.5615.138)\nBuild info: version: '4.8.3', revision: 'e5e76298c3'\nSystem info: os.name: 'Windows 11', os.arch: 'amd64', os.version: '10.0', java.version: '17.0.2'\nDriver info: org.openqa.selenium.chrome.ChromeDriver\nCommand: [ff6431d9118e8a8b973fdcee810e8254, findElement {using=xpath, value=//*[@id=\"app\"]/div/div/div/main/div/div[2]/div[3]/form/div/div[2]/button}]\nCapabilities {acceptInsecureCerts: false, browserName: chrome, browserVersion: 112.0.5615.138, chrome: {chromedriverVersion: 112.0.5615.49 (bd2a7bcb881c..., userDataDir: C:\\Users\\annak\\AppData\\Loca...}, goog:chromeOptions: {debuggerAddress: localhost:57590}, networkConnectionEnabled: false, pageLoadStrategy: normal, platformName: WINDOWS, proxy: Proxy(), se:cdp: ws://localhost:57590/devtoo..., se:cdpVersion: 112.0.5615.138, setWindowRect: true, strictFileInteractability: false, timeouts: {implicit: 0, pageLoad: 300000, script: 30000}, unhandledPromptBehavior: dismiss and notify, webauthn:extension:credBlob: true, webauthn:extension:largeBlob: true, webauthn:extension:minPinLength: true, webauthn:extension:prf: true, webauthn:virtualAuthenticators: true}\nSession ID: ff6431d9118e8a8b973fdcee810e8254\r\n\tat java.base/jdk.internal.reflect.NativeConstructorAccessorImpl.newInstance0(Native Method)\r\n\tat java.base/jdk.internal.reflect.NativeConstructorAccessorImpl.newInstance(NativeConstructorAccessorImpl.java:77)\r\n\tat java.base/jdk.internal.reflect.DelegatingConstructorAccessorImpl.newInstance(DelegatingConstructorAccessorImpl.java:45)\r\n\tat java.base/java.lang.reflect.Constructor.newInstanceWithCaller(Constructor.java:499)\r\n\tat java.base/java.lang.reflect.Constructor.newInstance(Constructor.java:480)\r\n\tat org.openqa.selenium.remote.codec.w3c.W3CHttpResponseCodec.createException(W3CHttpResponseCodec.java:200)\r\n\tat org.openqa.selenium.remote.codec.w3c.W3CHttpResponseCodec.decode(W3CHttpResponseCodec.java:133)\r\n\tat org.openqa.selenium.remote.codec.w3c.W3CHttpResponseCodec.decode(W3CHttpResponseCodec.java:53)\r\n\tat org.openqa.selenium.remote.HttpCommandExecutor.execute(HttpCommandExecutor.java:193)\r\n\tat org.openqa.selenium.remote.service.DriverCommandExecutor.invokeExecute(DriverCommandExecutor.java:183)\r\n\tat org.openqa.selenium.remote.service.DriverCommandExecutor.execute(DriverCommandExecutor.java:158)\r\n\tat org.openqa.selenium.remote.RemoteWebDriver.execute(RemoteWebDriver.java:543)\r\n\tat org.openqa.selenium.remote.ElementLocation$ElementFinder$2.findElement(ElementLocation.java:162)\r\n\tat org.openqa.selenium.remote.ElementLocation.findElement(ElementLocation.java:60)\r\n\tat org.openqa.selenium.remote.RemoteWebDriver.findElement(RemoteWebDriver.java:352)\r\n\tat org.openqa.selenium.remote.RemoteWebDriver.findElement(RemoteWebDriver.java:344)\r\n\tat StepDefinitions.LoginSteps.clicks_on_login_button(LoginSteps.java:50)\r\n\tat ✽.clicks on login button(file:///C:/Users/annak/eclipse-workspace/CucumberJava/src/test/Resources/Features/login.feature:20)\r\n","duration":457798200,"status":"failed"},"line":20,"name":"clicks on login button","match":{"location":"StepDefinitions.LoginSteps.clicks_on_login_button()"},"keyword":"And "},{"result":{"duration":998500,"status":"skipped"},"line":21,"name":"user is navigated to the home page","match":{"location":"StepDefinitions.LoginSteps.user_is_navigated_to_the_home_page()"},"keyword":"Then "}],"tags":[{"name":"@SmokeScenario"},{"name":"@SmokeTest"}]}],"name":"feature to test login funcionality","description":"","id":"feature-to-test-login-funcionality","keyword":"Feature","uri":"file:src/test/Resources/Features/login.feature","tags":[{"name":"@SmokeScenario","type":"Tag","location":{"line":4,"column":1}}]},{"line":5,"elements":[{"start_timestamp":"2023-04-26T02:49:13.393Z","line":8,"name":"logout is successful with valid credentials","description":"","id":"feature-to-test-logout-funcionality;logout-is-successful-with-valid-credentials","type":"scenario","keyword":"Scenario","steps":[{"result":{"error_message":"org.openqa.selenium.SessionNotCreatedException: Could not start a new session. Response code 500. Message: disconnected: received Inspector.detached event\n  (failed to check if window was closed: disconnected: not connected to DevTools)\n  (Session info: chrome=112.0.5615.138) \nHost info: host: 'DESKTOP-K9O7DQN', ip: '192.168.1.7'\nBuild info: version: '4.8.3', revision: 'e5e76298c3'\nSystem info: os.name: 'Windows 11', os.arch: 'amd64', os.version: '10.0', java.version: '17.0.2'\nDriver info: org.openqa.selenium.chrome.ChromeDriver\nCommand: [null, newSession {capabilities=[Capabilities {browserName: chrome, goog:chromeOptions: {args: [--remote-allow-origins=*], extensions: []}}], desiredCapabilities=Capabilities {browserName: chrome, goog:chromeOptions: {args: [--remote-allow-origins=*], extensions: []}}}]\r\n\tat org.openqa.selenium.remote.ProtocolHandshake.createSession(ProtocolHandshake.java:148)\r\n\tat org.openqa.selenium.remote.ProtocolHandshake.createSession(ProtocolHandshake.java:106)\r\n\tat org.openqa.selenium.remote.ProtocolHandshake.createSession(ProtocolHandshake.java:67)\r\n\tat org.openqa.selenium.remote.HttpCommandExecutor.execute(HttpCommandExecutor.java:165)\r\n\tat org.openqa.selenium.remote.service.DriverCommandExecutor.invokeExecute(DriverCommandExecutor.java:183)\r\n\tat org.openqa.selenium.remote.service.DriverCommandExecutor.execute(DriverCommandExecutor.java:158)\r\n\tat org.openqa.selenium.remote.RemoteWebDriver.execute(RemoteWebDriver.java:543)\r\n\tat org.openqa.selenium.remote.RemoteWebDriver.startSession(RemoteWebDriver.java:229)\r\n\tat org.openqa.selenium.remote.RemoteWebDriver.<init>(RemoteWebDriver.java:157)\r\n\tat org.openqa.selenium.chromium.ChromiumDriver.<init>(ChromiumDriver.java:101)\r\n\tat org.openqa.selenium.chrome.ChromeDriver.<init>(ChromeDriver.java:88)\r\n\tat org.openqa.selenium.chrome.ChromeDriver.<init>(ChromeDriver.java:84)\r\n\tat org.openqa.selenium.chrome.ChromeDriver.<init>(ChromeDriver.java:73)\r\n\tat StepDefinitions.LogoutSteps.browser_is_open_gogrids(LogoutSteps.java:27)\r\n\tat StepDefinitions.LogoutSteps.user_is_logged_on_page(LogoutSteps.java:70)\r\n\tat ✽.user is login on page(file:///C:/Users/annak/eclipse-workspace/CucumberJava/src/test/Resources/Features/logout.feature:9)\r\n","duration":9702053800,"status":"failed"},"line":9,"name":"user is login on page","match":{"location":"StepDefinitions.LogoutSteps.user_is_logged_on_page()"},"keyword":"Given "},{"result":{"status":"skipped"},"line":10,"name":"user click profile","match":{"location":"StepDefinitions.LogoutSteps.user_clicks_on_profile_icon()"},"keyword":"When "},{"result":{"status":"skipped"},"line":11,"name":"click on logout icon","match":{"location":"StepDefinitions.LogoutSteps.user_clicks_on_logout_icon()"},"keyword":"And "},{"result":{"status":"skipped"},"line":12,"name":"user is navigated to login page","match":{},"keyword":"Then "}],"tags":[{"name":"@SmokeScenario"},{"name":"@SmokeTest"}]}],"name":"feature to test logout funcionality","description":"","id":"feature-to-test-logout-funcionality","keyword":"Feature","uri":"file:src/test/Resources/Features/logout.feature","tags":[{"name":"@SmokeScenario","type":"Tag","location":{"line":4,"column":1}}]}]